[2022-01-01T10:07:37.078] [INFO] startup - Express server listening on port  3000  with pid  9564
[2022-01-01T10:07:37.083] [INFO] startup - Express server listening on port  3000  with pid  2328
[2022-01-01T10:07:37.100] [INFO] startup - Express server listening on port  3000  with pid  10544
[2022-01-01T10:07:37.108] [INFO] startup - Express server listening on port  3000  with pid  11228
[2022-01-01T10:17:15.587] [INFO] startup - Express server listening on port  3000  with pid  6712
[2022-01-01T10:17:15.876] [INFO] startup - Express server listening on port  3000  with pid  13832
[2022-01-01T10:17:15.928] [INFO] startup - Express server listening on port  3000  with pid  14060
[2022-01-01T10:17:15.983] [INFO] startup - Express server listening on port  3000  with pid  11756
[2022-01-01T10:41:21.235] [INFO] startup - Express server listening on port  3000  with pid  12548
[2022-01-01T10:41:21.417] [INFO] startup - Express server listening on port  3000  with pid  10904
[2022-01-01T10:41:21.461] [INFO] startup - Express server listening on port  3000  with pid  9628
[2022-01-01T10:41:21.543] [INFO] startup - Express server listening on port  3000  with pid  13464
[2022-01-01T11:40:25.228] [INFO] startup - Express server listening on port  3000  with pid  14692
[2022-01-01T11:40:25.476] [INFO] startup - Express server listening on port  3000  with pid  15092
[2022-01-01T11:40:25.478] [INFO] startup - Express server listening on port  3000  with pid  13308
[2022-01-01T11:40:25.621] [INFO] startup - Express server listening on port  3000  with pid  15112
[2022-01-02T11:18:28.278] [INFO] startup - Express server listening on port  3000  with pid  9252
[2022-01-02T11:18:28.401] [INFO] startup - Express server listening on port  3000  with pid  4492
[2022-01-02T11:18:28.421] [INFO] startup - Express server listening on port  3000  with pid  8384
[2022-01-02T11:18:28.574] [INFO] startup - Express server listening on port  3000  with pid  12128
[2022-01-02T11:18:28.904] [ERROR] app - Something went wrong: Error: Not Found
    at D:\ndownload\img\app.js:37:15
    at Layer.handle [as handle_request] (D:\ndownload\node_modules\express\lib\router\layer.js:95:5)
    at trim_prefix (D:\ndownload\node_modules\express\lib\router\index.js:323:13)
    at D:\ndownload\node_modules\express\lib\router\index.js:284:7
    at Function.process_params (D:\ndownload\node_modules\express\lib\router\index.js:341:12)
    at next (D:\ndownload\node_modules\express\lib\router\index.js:275:10)
    at D:\ndownload\node_modules\express\lib\router\index.js:641:15
    at next (D:\ndownload\node_modules\express\lib\router\index.js:260:14)
    at Function.handle (D:\ndownload\node_modules\express\lib\router\index.js:174:3)
    at router (D:\ndownload\node_modules\express\lib\router\index.js:47:12) {
  status: 404
}
[2022-01-02T11:18:32.199] [ERROR] app - Something went wrong: Error: Not Found
    at D:\ndownload\img\app.js:37:15
    at Layer.handle [as handle_request] (D:\ndownload\node_modules\express\lib\router\layer.js:95:5)
    at trim_prefix (D:\ndownload\node_modules\express\lib\router\index.js:323:13)
    at D:\ndownload\node_modules\express\lib\router\index.js:284:7
    at Function.process_params (D:\ndownload\node_modules\express\lib\router\index.js:341:12)
    at next (D:\ndownload\node_modules\express\lib\router\index.js:275:10)
    at D:\ndownload\node_modules\express\lib\router\index.js:641:15
    at next (D:\ndownload\node_modules\express\lib\router\index.js:260:14)
    at Function.handle (D:\ndownload\node_modules\express\lib\router\index.js:174:3)
    at router (D:\ndownload\node_modules\express\lib\router\index.js:47:12) {
  status: 404
}
[2022-01-02T11:18:34.258] [ERROR] app - Something went wrong: Error: Not Found
    at D:\ndownload\img\app.js:37:15
    at Layer.handle [as handle_request] (D:\ndownload\node_modules\express\lib\router\layer.js:95:5)
    at trim_prefix (D:\ndownload\node_modules\express\lib\router\index.js:323:13)
    at D:\ndownload\node_modules\express\lib\router\index.js:284:7
    at Function.process_params (D:\ndownload\node_modules\express\lib\router\index.js:341:12)
    at next (D:\ndownload\node_modules\express\lib\router\index.js:275:10)
    at D:\ndownload\node_modules\express\lib\router\index.js:641:15
    at next (D:\ndownload\node_modules\express\lib\router\index.js:260:14)
    at Function.handle (D:\ndownload\node_modules\express\lib\router\index.js:174:3)
    at router (D:\ndownload\node_modules\express\lib\router\index.js:47:12) {
  status: 404
}
[2022-01-02T11:18:36.290] [ERROR] app - Something went wrong: Error: Not Found
    at D:\ndownload\img\app.js:37:15
    at Layer.handle [as handle_request] (D:\ndownload\node_modules\express\lib\router\layer.js:95:5)
    at trim_prefix (D:\ndownload\node_modules\express\lib\router\index.js:323:13)
    at D:\ndownload\node_modules\express\lib\router\index.js:284:7
    at Function.process_params (D:\ndownload\node_modules\express\lib\router\index.js:341:12)
    at next (D:\ndownload\node_modules\express\lib\router\index.js:275:10)
    at D:\ndownload\node_modules\express\lib\router\index.js:641:15
    at next (D:\ndownload\node_modules\express\lib\router\index.js:260:14)
    at Function.handle (D:\ndownload\node_modules\express\lib\router\index.js:174:3)
    at router (D:\ndownload\node_modules\express\lib\router\index.js:47:12) {
  status: 404
}
[2022-01-02T11:18:38.327] [ERROR] app - Something went wrong: Error: Not Found
    at D:\ndownload\img\app.js:37:15
    at Layer.handle [as handle_request] (D:\ndownload\node_modules\express\lib\router\layer.js:95:5)
    at trim_prefix (D:\ndownload\node_modules\express\lib\router\index.js:323:13)
    at D:\ndownload\node_modules\express\lib\router\index.js:284:7
    at Function.process_params (D:\ndownload\node_modules\express\lib\router\index.js:341:12)
    at next (D:\ndownload\node_modules\express\lib\router\index.js:275:10)
    at D:\ndownload\node_modules\express\lib\router\index.js:641:15
    at next (D:\ndownload\node_modules\express\lib\router\index.js:260:14)
    at Function.handle (D:\ndownload\node_modules\express\lib\router\index.js:174:3)
    at router (D:\ndownload\node_modules\express\lib\router\index.js:47:12) {
  status: 404
}
[2022-01-02T11:18:40.390] [ERROR] app - Something went wrong: Error: Not Found
    at D:\ndownload\img\app.js:37:15
    at Layer.handle [as handle_request] (D:\ndownload\node_modules\express\lib\router\layer.js:95:5)
    at trim_prefix (D:\ndownload\node_modules\express\lib\router\index.js:323:13)
    at D:\ndownload\node_modules\express\lib\router\index.js:284:7
    at Function.process_params (D:\ndownload\node_modules\express\lib\router\index.js:341:12)
    at next (D:\ndownload\node_modules\express\lib\router\index.js:275:10)
    at D:\ndownload\node_modules\express\lib\router\index.js:641:15
    at next (D:\ndownload\node_modules\express\lib\router\index.js:260:14)
    at Function.handle (D:\ndownload\node_modules\express\lib\router\index.js:174:3)
    at router (D:\ndownload\node_modules\express\lib\router\index.js:47:12) {
  status: 404
}
[2022-01-02T11:18:42.427] [ERROR] app - Something went wrong: Error: Not Found
    at D:\ndownload\img\app.js:37:15
    at Layer.handle [as handle_request] (D:\ndownload\node_modules\express\lib\router\layer.js:95:5)
    at trim_prefix (D:\ndownload\node_modules\express\lib\router\index.js:323:13)
    at D:\ndownload\node_modules\express\lib\router\index.js:284:7
    at Function.process_params (D:\ndownload\node_modules\express\lib\router\index.js:341:12)
    at next (D:\ndownload\node_modules\express\lib\router\index.js:275:10)
    at D:\ndownload\node_modules\express\lib\router\index.js:641:15
    at next (D:\ndownload\node_modules\express\lib\router\index.js:260:14)
    at Function.handle (D:\ndownload\node_modules\express\lib\router\index.js:174:3)
    at router (D:\ndownload\node_modules\express\lib\router\index.js:47:12) {
  status: 404
}
[2022-01-02T11:18:44.457] [ERROR] app - Something went wrong: Error: Not Found
    at D:\ndownload\img\app.js:37:15
    at Layer.handle [as handle_request] (D:\ndownload\node_modules\express\lib\router\layer.js:95:5)
    at trim_prefix (D:\ndownload\node_modules\express\lib\router\index.js:323:13)
    at D:\ndownload\node_modules\express\lib\router\index.js:284:7
    at Function.process_params (D:\ndownload\node_modules\express\lib\router\index.js:341:12)
    at next (D:\ndownload\node_modules\express\lib\router\index.js:275:10)
    at D:\ndownload\node_modules\express\lib\router\index.js:641:15
    at next (D:\ndownload\node_modules\express\lib\router\index.js:260:14)
    at Function.handle (D:\ndownload\node_modules\express\lib\router\index.js:174:3)
    at router (D:\ndownload\node_modules\express\lib\router\index.js:47:12) {
  status: 404
}
[2022-01-02T11:18:46.511] [ERROR] app - Something went wrong: Error: Not Found
    at D:\ndownload\img\app.js:37:15
    at Layer.handle [as handle_request] (D:\ndownload\node_modules\express\lib\router\layer.js:95:5)
    at trim_prefix (D:\ndownload\node_modules\express\lib\router\index.js:323:13)
    at D:\ndownload\node_modules\express\lib\router\index.js:284:7
    at Function.process_params (D:\ndownload\node_modules\express\lib\router\index.js:341:12)
    at next (D:\ndownload\node_modules\express\lib\router\index.js:275:10)
    at D:\ndownload\node_modules\express\lib\router\index.js:641:15
    at next (D:\ndownload\node_modules\express\lib\router\index.js:260:14)
    at Function.handle (D:\ndownload\node_modules\express\lib\router\index.js:174:3)
    at router (D:\ndownload\node_modules\express\lib\router\index.js:47:12) {
  status: 404
}
[2022-01-02T11:18:48.567] [ERROR] app - Something went wrong: Error: Not Found
    at D:\ndownload\img\app.js:37:15
    at Layer.handle [as handle_request] (D:\ndownload\node_modules\express\lib\router\layer.js:95:5)
    at trim_prefix (D:\ndownload\node_modules\express\lib\router\index.js:323:13)
    at D:\ndownload\node_modules\express\lib\router\index.js:284:7
    at Function.process_params (D:\ndownload\node_modules\express\lib\router\index.js:341:12)
    at next (D:\ndownload\node_modules\express\lib\router\index.js:275:10)
    at D:\ndownload\node_modules\express\lib\router\index.js:641:15
    at next (D:\ndownload\node_modules\express\lib\router\index.js:260:14)
    at Function.handle (D:\ndownload\node_modules\express\lib\router\index.js:174:3)
    at router (D:\ndownload\node_modules\express\lib\router\index.js:47:12) {
  status: 404
}
[2022-01-02T11:18:50.614] [ERROR] app - Something went wrong: Error: Not Found
    at D:\ndownload\img\app.js:37:15
    at Layer.handle [as handle_request] (D:\ndownload\node_modules\express\lib\router\layer.js:95:5)
    at trim_prefix (D:\ndownload\node_modules\express\lib\router\index.js:323:13)
    at D:\ndownload\node_modules\express\lib\router\index.js:284:7
    at Function.process_params (D:\ndownload\node_modules\express\lib\router\index.js:341:12)
    at next (D:\ndownload\node_modules\express\lib\router\index.js:275:10)
    at D:\ndownload\node_modules\express\lib\router\index.js:641:15
    at next (D:\ndownload\node_modules\express\lib\router\index.js:260:14)
    at Function.handle (D:\ndownload\node_modules\express\lib\router\index.js:174:3)
    at router (D:\ndownload\node_modules\express\lib\router\index.js:47:12) {
  status: 404
}
[2022-01-02T11:18:52.638] [ERROR] app - Something went wrong: Error: Not Found
    at D:\ndownload\img\app.js:37:15
    at Layer.handle [as handle_request] (D:\ndownload\node_modules\express\lib\router\layer.js:95:5)
    at trim_prefix (D:\ndownload\node_modules\express\lib\router\index.js:323:13)
    at D:\ndownload\node_modules\express\lib\router\index.js:284:7
    at Function.process_params (D:\ndownload\node_modules\express\lib\router\index.js:341:12)
    at next (D:\ndownload\node_modules\express\lib\router\index.js:275:10)
    at D:\ndownload\node_modules\express\lib\router\index.js:641:15
    at next (D:\ndownload\node_modules\express\lib\router\index.js:260:14)
    at Function.handle (D:\ndownload\node_modules\express\lib\router\index.js:174:3)
    at router (D:\ndownload\node_modules\express\lib\router\index.js:47:12) {
  status: 404
}
[2022-01-02T11:18:54.682] [ERROR] app - Something went wrong: Error: Not Found
    at D:\ndownload\img\app.js:37:15
    at Layer.handle [as handle_request] (D:\ndownload\node_modules\express\lib\router\layer.js:95:5)
    at trim_prefix (D:\ndownload\node_modules\express\lib\router\index.js:323:13)
    at D:\ndownload\node_modules\express\lib\router\index.js:284:7
    at Function.process_params (D:\ndownload\node_modules\express\lib\router\index.js:341:12)
    at next (D:\ndownload\node_modules\express\lib\router\index.js:275:10)
    at D:\ndownload\node_modules\express\lib\router\index.js:641:15
    at next (D:\ndownload\node_modules\express\lib\router\index.js:260:14)
    at Function.handle (D:\ndownload\node_modules\express\lib\router\index.js:174:3)
    at router (D:\ndownload\node_modules\express\lib\router\index.js:47:12) {
  status: 404
}
[2022-01-02T11:18:56.724] [ERROR] app - Something went wrong: Error: Not Found
    at D:\ndownload\img\app.js:37:15
    at Layer.handle [as handle_request] (D:\ndownload\node_modules\express\lib\router\layer.js:95:5)
    at trim_prefix (D:\ndownload\node_modules\express\lib\router\index.js:323:13)
    at D:\ndownload\node_modules\express\lib\router\index.js:284:7
    at Function.process_params (D:\ndownload\node_modules\express\lib\router\index.js:341:12)
    at next (D:\ndownload\node_modules\express\lib\router\index.js:275:10)
    at D:\ndownload\node_modules\express\lib\router\index.js:641:15
    at next (D:\ndownload\node_modules\express\lib\router\index.js:260:14)
    at Function.handle (D:\ndownload\node_modules\express\lib\router\index.js:174:3)
    at router (D:\ndownload\node_modules\express\lib\router\index.js:47:12) {
  status: 404
}
[2022-01-02T11:18:58.936] [ERROR] app - Something went wrong: Error: Not Found
    at D:\ndownload\img\app.js:37:15
    at Layer.handle [as handle_request] (D:\ndownload\node_modules\express\lib\router\layer.js:95:5)
    at trim_prefix (D:\ndownload\node_modules\express\lib\router\index.js:323:13)
    at D:\ndownload\node_modules\express\lib\router\index.js:284:7
    at Function.process_params (D:\ndownload\node_modules\express\lib\router\index.js:341:12)
    at next (D:\ndownload\node_modules\express\lib\router\index.js:275:10)
    at D:\ndownload\node_modules\express\lib\router\index.js:641:15
    at next (D:\ndownload\node_modules\express\lib\router\index.js:260:14)
    at Function.handle (D:\ndownload\node_modules\express\lib\router\index.js:174:3)
    at router (D:\ndownload\node_modules\express\lib\router\index.js:47:12) {
  status: 404
}
