[2022-01-02T11:18:28.904] [ERROR] app - Something went wrong: Error: Not Found
    at D:\ndownload\img\app.js:37:15
    at Layer.handle [as handle_request] (D:\ndownload\node_modules\express\lib\router\layer.js:95:5)
    at trim_prefix (D:\ndownload\node_modules\express\lib\router\index.js:323:13)
    at D:\ndownload\node_modules\express\lib\router\index.js:284:7
    at Function.process_params (D:\ndownload\node_modules\express\lib\router\index.js:341:12)
    at next (D:\ndownload\node_modules\express\lib\router\index.js:275:10)
    at D:\ndownload\node_modules\express\lib\router\index.js:641:15
    at next (D:\ndownload\node_modules\express\lib\router\index.js:260:14)
    at Function.handle (D:\ndownload\node_modules\express\lib\router\index.js:174:3)
    at router (D:\ndownload\node_modules\express\lib\router\index.js:47:12) {
  status: 404
}
[2022-01-02T11:18:32.199] [ERROR] app - Something went wrong: Error: Not Found
    at D:\ndownload\img\app.js:37:15
    at Layer.handle [as handle_request] (D:\ndownload\node_modules\express\lib\router\layer.js:95:5)
    at trim_prefix (D:\ndownload\node_modules\express\lib\router\index.js:323:13)
    at D:\ndownload\node_modules\express\lib\router\index.js:284:7
    at Function.process_params (D:\ndownload\node_modules\express\lib\router\index.js:341:12)
    at next (D:\ndownload\node_modules\express\lib\router\index.js:275:10)
    at D:\ndownload\node_modules\express\lib\router\index.js:641:15
    at next (D:\ndownload\node_modules\express\lib\router\index.js:260:14)
    at Function.handle (D:\ndownload\node_modules\express\lib\router\index.js:174:3)
    at router (D:\ndownload\node_modules\express\lib\router\index.js:47:12) {
  status: 404
}
[2022-01-02T11:18:34.258] [ERROR] app - Something went wrong: Error: Not Found
    at D:\ndownload\img\app.js:37:15
    at Layer.handle [as handle_request] (D:\ndownload\node_modules\express\lib\router\layer.js:95:5)
    at trim_prefix (D:\ndownload\node_modules\express\lib\router\index.js:323:13)
    at D:\ndownload\node_modules\express\lib\router\index.js:284:7
    at Function.process_params (D:\ndownload\node_modules\express\lib\router\index.js:341:12)
    at next (D:\ndownload\node_modules\express\lib\router\index.js:275:10)
    at D:\ndownload\node_modules\express\lib\router\index.js:641:15
    at next (D:\ndownload\node_modules\express\lib\router\index.js:260:14)
    at Function.handle (D:\ndownload\node_modules\express\lib\router\index.js:174:3)
    at router (D:\ndownload\node_modules\express\lib\router\index.js:47:12) {
  status: 404
}
[2022-01-02T11:18:36.290] [ERROR] app - Something went wrong: Error: Not Found
    at D:\ndownload\img\app.js:37:15
    at Layer.handle [as handle_request] (D:\ndownload\node_modules\express\lib\router\layer.js:95:5)
    at trim_prefix (D:\ndownload\node_modules\express\lib\router\index.js:323:13)
    at D:\ndownload\node_modules\express\lib\router\index.js:284:7
    at Function.process_params (D:\ndownload\node_modules\express\lib\router\index.js:341:12)
    at next (D:\ndownload\node_modules\express\lib\router\index.js:275:10)
    at D:\ndownload\node_modules\express\lib\router\index.js:641:15
    at next (D:\ndownload\node_modules\express\lib\router\index.js:260:14)
    at Function.handle (D:\ndownload\node_modules\express\lib\router\index.js:174:3)
    at router (D:\ndownload\node_modules\express\lib\router\index.js:47:12) {
  status: 404
}
[2022-01-02T11:18:38.327] [ERROR] app - Something went wrong: Error: Not Found
    at D:\ndownload\img\app.js:37:15
    at Layer.handle [as handle_request] (D:\ndownload\node_modules\express\lib\router\layer.js:95:5)
    at trim_prefix (D:\ndownload\node_modules\express\lib\router\index.js:323:13)
    at D:\ndownload\node_modules\express\lib\router\index.js:284:7
    at Function.process_params (D:\ndownload\node_modules\express\lib\router\index.js:341:12)
    at next (D:\ndownload\node_modules\express\lib\router\index.js:275:10)
    at D:\ndownload\node_modules\express\lib\router\index.js:641:15
    at next (D:\ndownload\node_modules\express\lib\router\index.js:260:14)
    at Function.handle (D:\ndownload\node_modules\express\lib\router\index.js:174:3)
    at router (D:\ndownload\node_modules\express\lib\router\index.js:47:12) {
  status: 404
}
[2022-01-02T11:18:40.390] [ERROR] app - Something went wrong: Error: Not Found
    at D:\ndownload\img\app.js:37:15
    at Layer.handle [as handle_request] (D:\ndownload\node_modules\express\lib\router\layer.js:95:5)
    at trim_prefix (D:\ndownload\node_modules\express\lib\router\index.js:323:13)
    at D:\ndownload\node_modules\express\lib\router\index.js:284:7
    at Function.process_params (D:\ndownload\node_modules\express\lib\router\index.js:341:12)
    at next (D:\ndownload\node_modules\express\lib\router\index.js:275:10)
    at D:\ndownload\node_modules\express\lib\router\index.js:641:15
    at next (D:\ndownload\node_modules\express\lib\router\index.js:260:14)
    at Function.handle (D:\ndownload\node_modules\express\lib\router\index.js:174:3)
    at router (D:\ndownload\node_modules\express\lib\router\index.js:47:12) {
  status: 404
}
[2022-01-02T11:18:42.427] [ERROR] app - Something went wrong: Error: Not Found
    at D:\ndownload\img\app.js:37:15
    at Layer.handle [as handle_request] (D:\ndownload\node_modules\express\lib\router\layer.js:95:5)
    at trim_prefix (D:\ndownload\node_modules\express\lib\router\index.js:323:13)
    at D:\ndownload\node_modules\express\lib\router\index.js:284:7
    at Function.process_params (D:\ndownload\node_modules\express\lib\router\index.js:341:12)
    at next (D:\ndownload\node_modules\express\lib\router\index.js:275:10)
    at D:\ndownload\node_modules\express\lib\router\index.js:641:15
    at next (D:\ndownload\node_modules\express\lib\router\index.js:260:14)
    at Function.handle (D:\ndownload\node_modules\express\lib\router\index.js:174:3)
    at router (D:\ndownload\node_modules\express\lib\router\index.js:47:12) {
  status: 404
}
[2022-01-02T11:18:44.457] [ERROR] app - Something went wrong: Error: Not Found
    at D:\ndownload\img\app.js:37:15
    at Layer.handle [as handle_request] (D:\ndownload\node_modules\express\lib\router\layer.js:95:5)
    at trim_prefix (D:\ndownload\node_modules\express\lib\router\index.js:323:13)
    at D:\ndownload\node_modules\express\lib\router\index.js:284:7
    at Function.process_params (D:\ndownload\node_modules\express\lib\router\index.js:341:12)
    at next (D:\ndownload\node_modules\express\lib\router\index.js:275:10)
    at D:\ndownload\node_modules\express\lib\router\index.js:641:15
    at next (D:\ndownload\node_modules\express\lib\router\index.js:260:14)
    at Function.handle (D:\ndownload\node_modules\express\lib\router\index.js:174:3)
    at router (D:\ndownload\node_modules\express\lib\router\index.js:47:12) {
  status: 404
}
[2022-01-02T11:18:46.511] [ERROR] app - Something went wrong: Error: Not Found
    at D:\ndownload\img\app.js:37:15
    at Layer.handle [as handle_request] (D:\ndownload\node_modules\express\lib\router\layer.js:95:5)
    at trim_prefix (D:\ndownload\node_modules\express\lib\router\index.js:323:13)
    at D:\ndownload\node_modules\express\lib\router\index.js:284:7
    at Function.process_params (D:\ndownload\node_modules\express\lib\router\index.js:341:12)
    at next (D:\ndownload\node_modules\express\lib\router\index.js:275:10)
    at D:\ndownload\node_modules\express\lib\router\index.js:641:15
    at next (D:\ndownload\node_modules\express\lib\router\index.js:260:14)
    at Function.handle (D:\ndownload\node_modules\express\lib\router\index.js:174:3)
    at router (D:\ndownload\node_modules\express\lib\router\index.js:47:12) {
  status: 404
}
[2022-01-02T11:18:48.567] [ERROR] app - Something went wrong: Error: Not Found
    at D:\ndownload\img\app.js:37:15
    at Layer.handle [as handle_request] (D:\ndownload\node_modules\express\lib\router\layer.js:95:5)
    at trim_prefix (D:\ndownload\node_modules\express\lib\router\index.js:323:13)
    at D:\ndownload\node_modules\express\lib\router\index.js:284:7
    at Function.process_params (D:\ndownload\node_modules\express\lib\router\index.js:341:12)
    at next (D:\ndownload\node_modules\express\lib\router\index.js:275:10)
    at D:\ndownload\node_modules\express\lib\router\index.js:641:15
    at next (D:\ndownload\node_modules\express\lib\router\index.js:260:14)
    at Function.handle (D:\ndownload\node_modules\express\lib\router\index.js:174:3)
    at router (D:\ndownload\node_modules\express\lib\router\index.js:47:12) {
  status: 404
}
[2022-01-02T11:18:50.614] [ERROR] app - Something went wrong: Error: Not Found
    at D:\ndownload\img\app.js:37:15
    at Layer.handle [as handle_request] (D:\ndownload\node_modules\express\lib\router\layer.js:95:5)
    at trim_prefix (D:\ndownload\node_modules\express\lib\router\index.js:323:13)
    at D:\ndownload\node_modules\express\lib\router\index.js:284:7
    at Function.process_params (D:\ndownload\node_modules\express\lib\router\index.js:341:12)
    at next (D:\ndownload\node_modules\express\lib\router\index.js:275:10)
    at D:\ndownload\node_modules\express\lib\router\index.js:641:15
    at next (D:\ndownload\node_modules\express\lib\router\index.js:260:14)
    at Function.handle (D:\ndownload\node_modules\express\lib\router\index.js:174:3)
    at router (D:\ndownload\node_modules\express\lib\router\index.js:47:12) {
  status: 404
}
[2022-01-02T11:18:52.638] [ERROR] app - Something went wrong: Error: Not Found
    at D:\ndownload\img\app.js:37:15
    at Layer.handle [as handle_request] (D:\ndownload\node_modules\express\lib\router\layer.js:95:5)
    at trim_prefix (D:\ndownload\node_modules\express\lib\router\index.js:323:13)
    at D:\ndownload\node_modules\express\lib\router\index.js:284:7
    at Function.process_params (D:\ndownload\node_modules\express\lib\router\index.js:341:12)
    at next (D:\ndownload\node_modules\express\lib\router\index.js:275:10)
    at D:\ndownload\node_modules\express\lib\router\index.js:641:15
    at next (D:\ndownload\node_modules\express\lib\router\index.js:260:14)
    at Function.handle (D:\ndownload\node_modules\express\lib\router\index.js:174:3)
    at router (D:\ndownload\node_modules\express\lib\router\index.js:47:12) {
  status: 404
}
[2022-01-02T11:18:54.682] [ERROR] app - Something went wrong: Error: Not Found
    at D:\ndownload\img\app.js:37:15
    at Layer.handle [as handle_request] (D:\ndownload\node_modules\express\lib\router\layer.js:95:5)
    at trim_prefix (D:\ndownload\node_modules\express\lib\router\index.js:323:13)
    at D:\ndownload\node_modules\express\lib\router\index.js:284:7
    at Function.process_params (D:\ndownload\node_modules\express\lib\router\index.js:341:12)
    at next (D:\ndownload\node_modules\express\lib\router\index.js:275:10)
    at D:\ndownload\node_modules\express\lib\router\index.js:641:15
    at next (D:\ndownload\node_modules\express\lib\router\index.js:260:14)
    at Function.handle (D:\ndownload\node_modules\express\lib\router\index.js:174:3)
    at router (D:\ndownload\node_modules\express\lib\router\index.js:47:12) {
  status: 404
}
[2022-01-02T11:18:56.724] [ERROR] app - Something went wrong: Error: Not Found
    at D:\ndownload\img\app.js:37:15
    at Layer.handle [as handle_request] (D:\ndownload\node_modules\express\lib\router\layer.js:95:5)
    at trim_prefix (D:\ndownload\node_modules\express\lib\router\index.js:323:13)
    at D:\ndownload\node_modules\express\lib\router\index.js:284:7
    at Function.process_params (D:\ndownload\node_modules\express\lib\router\index.js:341:12)
    at next (D:\ndownload\node_modules\express\lib\router\index.js:275:10)
    at D:\ndownload\node_modules\express\lib\router\index.js:641:15
    at next (D:\ndownload\node_modules\express\lib\router\index.js:260:14)
    at Function.handle (D:\ndownload\node_modules\express\lib\router\index.js:174:3)
    at router (D:\ndownload\node_modules\express\lib\router\index.js:47:12) {
  status: 404
}
[2022-01-02T11:18:58.936] [ERROR] app - Something went wrong: Error: Not Found
    at D:\ndownload\img\app.js:37:15
    at Layer.handle [as handle_request] (D:\ndownload\node_modules\express\lib\router\layer.js:95:5)
    at trim_prefix (D:\ndownload\node_modules\express\lib\router\index.js:323:13)
    at D:\ndownload\node_modules\express\lib\router\index.js:284:7
    at Function.process_params (D:\ndownload\node_modules\express\lib\router\index.js:341:12)
    at next (D:\ndownload\node_modules\express\lib\router\index.js:275:10)
    at D:\ndownload\node_modules\express\lib\router\index.js:641:15
    at next (D:\ndownload\node_modules\express\lib\router\index.js:260:14)
    at Function.handle (D:\ndownload\node_modules\express\lib\router\index.js:174:3)
    at router (D:\ndownload\node_modules\express\lib\router\index.js:47:12) {
  status: 404
}
